[ 2025-03-30 21:00:31,152 ] 1025 httpx - INFO - HTTP Request: GET https://dagshub.com/api/v1/user "HTTP/1.1 200 OK"
[ 2025-03-30 21:00:31,159 ] 107 dagshub - INFO - Accessing as AnkitB47
[ 2025-03-30 21:00:31,680 ] 1025 httpx - INFO - HTTP Request: GET https://dagshub.com/api/v1/repos/AnkitB47/networksecurity "HTTP/1.1 200 OK"
[ 2025-03-30 21:00:31,962 ] 1025 httpx - INFO - HTTP Request: GET https://dagshub.com/api/v1/user "HTTP/1.1 200 OK"
[ 2025-03-30 21:00:31,964 ] 107 dagshub - INFO - Initialized MLflow to track repo "AnkitB47/networksecurity"
[ 2025-03-30 21:00:31,965 ] 107 dagshub - INFO - Repository AnkitB47/networksecurity initialized!
[ 2025-03-30 21:00:31,966 ] 20 root - INFO - Initiate the data ingestion
[ 2025-03-30 21:00:36,724 ] 70 root - INFO - Performed train test split on the dataframe
[ 2025-03-30 21:00:36,725 ] 72 root - INFO - Exited split_data_as_train_test method of Data_Ingestion class
[ 2025-03-30 21:00:36,729 ] 80 root - INFO - Exporting train and test file path.
[ 2025-03-30 21:00:36,840 ] 89 root - INFO - Exported train and test file path.
[ 2025-03-30 21:00:36,840 ] 22 root - INFO - Data Initiation Completed
[ 2025-03-30 21:00:36,846 ] 26 root - INFO - Initiate the data Validation
[ 2025-03-30 21:00:36,878 ] 32 root - INFO - Required number of columns:2
[ 2025-03-30 21:00:36,878 ] 33 root - INFO - Data frame has columns:31
[ 2025-03-30 21:00:36,878 ] 32 root - INFO - Required number of columns:2
[ 2025-03-30 21:00:36,879 ] 33 root - INFO - Data frame has columns:31
[ 2025-03-30 21:00:37,070 ] 28 root - INFO - data Validation Completed
[ 2025-03-30 21:00:37,070 ] 31 root - INFO - data Transformation started
[ 2025-03-30 21:00:37,070 ] 63 root - INFO - Entered initiate_data_transformation method of DataTransformation class
[ 2025-03-30 21:00:37,071 ] 65 root - INFO - Starting data transformation
[ 2025-03-30 21:00:37,106 ] 48 root - INFO - Entered get_data_trnasformer_object method of Trnasformation class
[ 2025-03-30 21:00:37,106 ] 53 root - INFO - Initialise KNNImputer with {'missing_values': nan, 'n_neighbors': 3, 'weights': 'uniform'}
[ 2025-03-30 21:00:37,155 ] 46 root - INFO - Entered the save_object method of MainUtils class
[ 2025-03-30 21:00:37,183 ] 50 root - INFO - Exited the save_object method of MainUtils class
[ 2025-03-30 21:00:37,183 ] 46 root - INFO - Entered the save_object method of MainUtils class
[ 2025-03-30 21:00:37,201 ] 50 root - INFO - Exited the save_object method of MainUtils class
[ 2025-03-30 21:00:37,202 ] 35 root - INFO - data Transformation completed
[ 2025-03-30 21:00:37,202 ] 37 root - INFO - Model Training sstared
[ 2025-03-30 21:09:45,091 ] 46 root - INFO - Entered the save_object method of MainUtils class
[ 2025-03-30 21:09:45,214 ] 50 root - INFO - Exited the save_object method of MainUtils class
[ 2025-03-30 21:09:45,214 ] 46 root - INFO - Entered the save_object method of MainUtils class
[ 2025-03-30 21:09:45,317 ] 50 root - INFO - Exited the save_object method of MainUtils class
[ 2025-03-30 21:09:45,317 ] 120 root - INFO - Model trainer artifact: ModelTrainerArtifact(trained_model_file_path='Artifacts/03_30_2025_21_00_11/model_trainer/trained_model/model.pkl', train_metric_artifact=ClassificationMetricArtifact(f1_score=0.991560752414845, precision_score=0.9884451652138658, recall_score=0.9946960424316605), test_metric_artifact=ClassificationMetricArtifact(f1_score=0.9711348359035191, precision_score=0.9638932496075353, recall_score=0.9784860557768924))
[ 2025-03-30 21:09:45,318 ] 42 root - INFO - Model Training artifact created
