[ 2025-03-30 19:49:14,588 ] 1025 httpx - INFO - HTTP Request: GET https://dagshub.com/api/v1/user "HTTP/1.1 200 OK"
[ 2025-03-30 19:49:14,596 ] 107 dagshub - INFO - Accessing as AnkitB47
[ 2025-03-30 19:49:15,503 ] 1025 httpx - INFO - HTTP Request: GET https://dagshub.com/api/v1/repos/AnkitB47/networksecurity "HTTP/1.1 200 OK"
[ 2025-03-30 19:49:15,870 ] 1025 httpx - INFO - HTTP Request: GET https://dagshub.com/api/v1/user "HTTP/1.1 200 OK"
[ 2025-03-30 19:49:15,871 ] 107 dagshub - INFO - Initialized MLflow to track repo "AnkitB47/networksecurity"
[ 2025-03-30 19:49:15,872 ] 107 dagshub - INFO - Repository AnkitB47/networksecurity initialized!
[ 2025-03-30 19:49:15,872 ] 20 root - INFO - Initiate the data ingestion
[ 2025-03-30 19:49:29,916 ] 70 root - INFO - Performed train test split on the dataframe
[ 2025-03-30 19:49:29,916 ] 72 root - INFO - Exited split_data_as_train_test method of Data_Ingestion class
[ 2025-03-30 19:49:29,921 ] 80 root - INFO - Exporting train and test file path.
[ 2025-03-30 19:49:30,012 ] 89 root - INFO - Exported train and test file path.
[ 2025-03-30 19:49:30,012 ] 22 root - INFO - Data Initiation Completed
[ 2025-03-30 19:49:30,028 ] 26 root - INFO - Initiate the data Validation
[ 2025-03-30 19:49:30,061 ] 32 root - INFO - Required number of columns:2
[ 2025-03-30 19:49:30,062 ] 33 root - INFO - Data frame has columns:31
[ 2025-03-30 19:49:30,062 ] 32 root - INFO - Required number of columns:2
[ 2025-03-30 19:49:30,062 ] 33 root - INFO - Data frame has columns:31
[ 2025-03-30 19:49:30,236 ] 28 root - INFO - data Validation Completed
[ 2025-03-30 19:49:30,237 ] 31 root - INFO - data Transformation started
[ 2025-03-30 19:49:30,238 ] 63 root - INFO - Entered initiate_data_transformation method of DataTransformation class
[ 2025-03-30 19:49:30,238 ] 65 root - INFO - Starting data transformation
[ 2025-03-30 19:49:30,266 ] 48 root - INFO - Entered get_data_trnasformer_object method of Trnasformation class
[ 2025-03-30 19:49:30,267 ] 53 root - INFO - Initialise KNNImputer with {'missing_values': nan, 'n_neighbors': 3, 'weights': 'uniform'}
[ 2025-03-30 19:49:30,309 ] 46 root - INFO - Entered the save_object method of MainUtils class
[ 2025-03-30 19:49:30,329 ] 50 root - INFO - Exited the save_object method of MainUtils class
[ 2025-03-30 19:49:30,329 ] 46 root - INFO - Entered the save_object method of MainUtils class
[ 2025-03-30 19:49:30,345 ] 50 root - INFO - Exited the save_object method of MainUtils class
[ 2025-03-30 19:49:30,345 ] 35 root - INFO - data Transformation completed
[ 2025-03-30 19:49:30,346 ] 37 root - INFO - Model Training sstared
