[ 2025-03-30 19:19:15,327 ] 1025 httpx - INFO - HTTP Request: POST https://dagshub.com/login/oauth/middleman "HTTP/1.1 200 OK"
[ 2025-03-30 19:19:15,626 ] 1025 httpx - INFO - HTTP Request: POST https://dagshub.com/login/oauth/access_token "HTTP/1.1 200 OK"
[ 2025-03-30 19:19:15,902 ] 1025 httpx - INFO - HTTP Request: GET https://dagshub.com/api/v1/user "HTTP/1.1 200 OK"
[ 2025-03-30 19:19:15,906 ] 107 dagshub - INFO - Accessing as AnkitB47
[ 2025-03-30 19:19:16,226 ] 1025 httpx - INFO - HTTP Request: GET https://dagshub.com/api/v1/repos/AnkitB47/networksecurity "HTTP/1.1 200 OK"
[ 2025-03-30 19:19:16,514 ] 1025 httpx - INFO - HTTP Request: GET https://dagshub.com/api/v1/user "HTTP/1.1 200 OK"
[ 2025-03-30 19:19:16,517 ] 107 dagshub - INFO - Initialized MLflow to track repo "AnkitB47/networksecurity"
[ 2025-03-30 19:19:16,519 ] 107 dagshub - INFO - Repository AnkitB47/networksecurity initialized!
[ 2025-03-30 19:19:16,520 ] 20 root - INFO - Initiate the data ingestion
[ 2025-03-30 19:19:21,510 ] 70 root - INFO - Performed train test split on the dataframe
[ 2025-03-30 19:19:21,511 ] 72 root - INFO - Exited split_data_as_train_test method of Data_Ingestion class
[ 2025-03-30 19:19:21,515 ] 80 root - INFO - Exporting train and test file path.
[ 2025-03-30 19:19:21,614 ] 89 root - INFO - Exported train and test file path.
[ 2025-03-30 19:19:21,615 ] 22 root - INFO - Data Initiation Completed
[ 2025-03-30 19:19:21,622 ] 26 root - INFO - Initiate the data Validation
[ 2025-03-30 19:19:21,654 ] 32 root - INFO - Required number of columns:2
[ 2025-03-30 19:19:21,654 ] 33 root - INFO - Data frame has columns:31
[ 2025-03-30 19:19:21,655 ] 32 root - INFO - Required number of columns:2
[ 2025-03-30 19:19:21,655 ] 33 root - INFO - Data frame has columns:31
[ 2025-03-30 19:19:21,847 ] 28 root - INFO - data Validation Completed
[ 2025-03-30 19:19:21,848 ] 31 root - INFO - data Transformation started
[ 2025-03-30 19:19:21,848 ] 63 root - INFO - Entered initiate_data_transformation method of DataTransformation class
[ 2025-03-30 19:19:21,849 ] 65 root - INFO - Starting data transformation
[ 2025-03-30 19:19:21,893 ] 48 root - INFO - Entered get_data_trnasformer_object method of Trnasformation class
[ 2025-03-30 19:19:21,893 ] 53 root - INFO - Initialise KNNImputer with {'missing_values': nan, 'n_neighbors': 3, 'weights': 'uniform'}
[ 2025-03-30 19:19:21,944 ] 46 root - INFO - Entered the save_object method of MainUtils class
[ 2025-03-30 19:19:21,968 ] 50 root - INFO - Exited the save_object method of MainUtils class
[ 2025-03-30 19:19:21,969 ] 46 root - INFO - Entered the save_object method of MainUtils class
[ 2025-03-30 19:19:21,995 ] 50 root - INFO - Exited the save_object method of MainUtils class
[ 2025-03-30 19:19:21,996 ] 35 root - INFO - data Transformation completed
[ 2025-03-30 19:19:21,996 ] 37 root - INFO - Model Training sstared
