[ 2025-03-30 20:03:05,976 ] 1025 httpx - INFO - HTTP Request: GET https://dagshub.com/api/v1/user "HTTP/1.1 200 OK"
[ 2025-03-30 20:03:05,983 ] 107 dagshub - INFO - Accessing as AnkitB47
[ 2025-03-30 20:03:09,211 ] 1025 httpx - INFO - HTTP Request: GET https://dagshub.com/api/v1/repos/AnkitB47/networksecurity "HTTP/1.1 200 OK"
[ 2025-03-30 20:03:09,665 ] 1025 httpx - INFO - HTTP Request: GET https://dagshub.com/api/v1/user "HTTP/1.1 200 OK"
[ 2025-03-30 20:03:09,667 ] 107 dagshub - INFO - Initialized MLflow to track repo "AnkitB47/networksecurity"
[ 2025-03-30 20:03:09,668 ] 107 dagshub - INFO - Repository AnkitB47/networksecurity initialized!
[ 2025-03-30 20:03:09,668 ] 20 root - INFO - Initiate the data ingestion
[ 2025-03-30 20:03:20,363 ] 70 root - INFO - Performed train test split on the dataframe
[ 2025-03-30 20:03:20,364 ] 72 root - INFO - Exited split_data_as_train_test method of Data_Ingestion class
[ 2025-03-30 20:03:20,368 ] 80 root - INFO - Exporting train and test file path.
[ 2025-03-30 20:03:20,466 ] 89 root - INFO - Exported train and test file path.
[ 2025-03-30 20:03:20,466 ] 22 root - INFO - Data Initiation Completed
[ 2025-03-30 20:03:20,472 ] 26 root - INFO - Initiate the data Validation
[ 2025-03-30 20:03:20,502 ] 32 root - INFO - Required number of columns:2
[ 2025-03-30 20:03:20,502 ] 33 root - INFO - Data frame has columns:31
[ 2025-03-30 20:03:20,502 ] 32 root - INFO - Required number of columns:2
[ 2025-03-30 20:03:20,503 ] 33 root - INFO - Data frame has columns:31
[ 2025-03-30 20:03:20,685 ] 28 root - INFO - data Validation Completed
[ 2025-03-30 20:03:20,685 ] 31 root - INFO - data Transformation started
[ 2025-03-30 20:03:20,686 ] 63 root - INFO - Entered initiate_data_transformation method of DataTransformation class
[ 2025-03-30 20:03:20,686 ] 65 root - INFO - Starting data transformation
[ 2025-03-30 20:03:20,717 ] 48 root - INFO - Entered get_data_trnasformer_object method of Trnasformation class
[ 2025-03-30 20:03:20,718 ] 53 root - INFO - Initialise KNNImputer with {'missing_values': nan, 'n_neighbors': 3, 'weights': 'uniform'}
[ 2025-03-30 20:03:20,766 ] 46 root - INFO - Entered the save_object method of MainUtils class
[ 2025-03-30 20:03:20,793 ] 50 root - INFO - Exited the save_object method of MainUtils class
[ 2025-03-30 20:03:20,793 ] 46 root - INFO - Entered the save_object method of MainUtils class
[ 2025-03-30 20:03:20,814 ] 50 root - INFO - Exited the save_object method of MainUtils class
[ 2025-03-30 20:03:20,815 ] 35 root - INFO - data Transformation completed
[ 2025-03-30 20:03:20,815 ] 37 root - INFO - Model Training sstared
