[ 2025-03-30 20:33:23,814 ] 1025 httpx - INFO - HTTP Request: GET https://dagshub.com/api/v1/user "HTTP/1.1 200 OK"
[ 2025-03-30 20:33:23,822 ] 107 dagshub - INFO - Accessing as AnkitB47
[ 2025-03-30 20:33:24,378 ] 1025 httpx - INFO - HTTP Request: GET https://dagshub.com/api/v1/repos/AnkitB47/networksecurity "HTTP/1.1 200 OK"
[ 2025-03-30 20:33:24,655 ] 1025 httpx - INFO - HTTP Request: GET https://dagshub.com/api/v1/user "HTTP/1.1 200 OK"
[ 2025-03-30 20:33:24,656 ] 107 dagshub - INFO - Initialized MLflow to track repo "AnkitB47/networksecurity"
[ 2025-03-30 20:33:24,657 ] 107 dagshub - INFO - Repository AnkitB47/networksecurity initialized!
[ 2025-03-30 20:33:24,658 ] 20 root - INFO - Initiate the data ingestion
[ 2025-03-30 20:33:29,798 ] 70 root - INFO - Performed train test split on the dataframe
[ 2025-03-30 20:33:29,798 ] 72 root - INFO - Exited split_data_as_train_test method of Data_Ingestion class
[ 2025-03-30 20:33:29,804 ] 80 root - INFO - Exporting train and test file path.
[ 2025-03-30 20:33:29,900 ] 89 root - INFO - Exported train and test file path.
[ 2025-03-30 20:33:29,901 ] 22 root - INFO - Data Initiation Completed
[ 2025-03-30 20:33:29,907 ] 26 root - INFO - Initiate the data Validation
[ 2025-03-30 20:33:29,939 ] 32 root - INFO - Required number of columns:2
[ 2025-03-30 20:33:29,939 ] 33 root - INFO - Data frame has columns:31
[ 2025-03-30 20:33:29,939 ] 32 root - INFO - Required number of columns:2
[ 2025-03-30 20:33:29,940 ] 33 root - INFO - Data frame has columns:31
[ 2025-03-30 20:33:30,143 ] 28 root - INFO - data Validation Completed
[ 2025-03-30 20:33:30,143 ] 31 root - INFO - data Transformation started
[ 2025-03-30 20:33:30,144 ] 63 root - INFO - Entered initiate_data_transformation method of DataTransformation class
[ 2025-03-30 20:33:30,144 ] 65 root - INFO - Starting data transformation
[ 2025-03-30 20:33:30,180 ] 48 root - INFO - Entered get_data_trnasformer_object method of Trnasformation class
[ 2025-03-30 20:33:30,181 ] 53 root - INFO - Initialise KNNImputer with {'missing_values': nan, 'n_neighbors': 3, 'weights': 'uniform'}
[ 2025-03-30 20:33:30,230 ] 46 root - INFO - Entered the save_object method of MainUtils class
[ 2025-03-30 20:33:30,256 ] 50 root - INFO - Exited the save_object method of MainUtils class
[ 2025-03-30 20:33:30,257 ] 46 root - INFO - Entered the save_object method of MainUtils class
[ 2025-03-30 20:33:30,280 ] 50 root - INFO - Exited the save_object method of MainUtils class
[ 2025-03-30 20:33:30,280 ] 35 root - INFO - data Transformation completed
[ 2025-03-30 20:33:30,281 ] 37 root - INFO - Model Training sstared
[ 2025-03-30 20:44:48,764 ] 868 urllib3.connectionpool - WARNING - Retrying (Retry(total=6, connect=7, read=6, redirect=7, status=7)) after connection broken by 'TimeoutError('The write operation timed out')': /AnkitB47/networksecurity.mlflow/api/2.0/mlflow-artifacts/artifacts/dcf5c7f7db8343f8a02c6f52cd66844a/775c11164fdc4835a5549a61bbc3ba2d/artifacts/model/model.pkl
